<?xml version="1.0" encoding="UTF-8"?>
<coverage generated="1719160472105" clover="3.2.0">
  <project timestamp="1719160472105" name="All files">
    <metrics statements="27" coveredstatements="27" conditionals="28" coveredconditionals="14" methods="9" coveredmethods="8" elements="64" coveredelements="49" complexity="0" loc="27" ncloc="27" packages="2" files="4" classes="4"/>
    <package name="src">
      <metrics statements="6" coveredstatements="6" conditionals="6" coveredconditionals="3" methods="1" coveredmethods="1"/>
      <file name="command-line-validation.mjs" path="/Users/zane/playground/command-line-validation/src/command-line-validation.mjs">
        <metrics statements="6" coveredstatements="6" conditionals="6" coveredconditionals="3" methods="1" coveredmethods="1"/>
        <line num="1" count="1" type="stmt"/>
        <line num="2" count="1" type="stmt"/>
        <line num="3" count="1" type="stmt"/>
        <line num="5" count="2" type="cond" truecount="3" falsecount="3"/>
        <line num="6" count="2" type="stmt"/>
        <line num="7" count="2" type="stmt"/>
      </file>
    </package>
    <package name="src.lib">
      <metrics statements="21" coveredstatements="21" conditionals="22" coveredconditionals="11" methods="8" coveredmethods="7"/>
      <file name="check-required.mjs" path="/Users/zane/playground/command-line-validation/src/lib/check-required.mjs">
        <metrics statements="6" coveredstatements="6" conditionals="5" coveredconditionals="3" methods="3" coveredmethods="3"/>
        <line num="1" count="4" type="cond" truecount="1" falsecount="1"/>
        <line num="2" count="4" type="cond" truecount="1" falsecount="1"/>
        <line num="4" count="4" type="stmt"/>
        <line num="5" count="2" type="cond" truecount="1" falsecount="0"/>
        <line num="6" count="2" type="stmt"/>
        <line num="8" count="5" type="stmt"/>
      </file>
      <file name="check-validations.mjs" path="/Users/zane/playground/command-line-validation/src/lib/check-validations.mjs">
        <metrics statements="10" coveredstatements="10" conditionals="17" coveredconditionals="8" methods="2" coveredmethods="2"/>
        <line num="1" count="50" type="cond" truecount="3" falsecount="8"/>
        <line num="3" count="4" type="cond" truecount="1" falsecount="1"/>
        <line num="4" count="4" type="stmt"/>
        <line num="5" count="3" type="stmt"/>
        <line num="7" count="3" type="cond" truecount="3" falsecount="0"/>
        <line num="8" count="2" type="stmt"/>
        <line num="10" count="2" type="stmt"/>
        <line num="11" count="2" type="cond" truecount="1" falsecount="0"/>
        <line num="12" count="2" type="stmt"/>
        <line num="15" count="5" type="stmt"/>
      </file>
      <file name="handle-error.mjs" path="/Users/zane/playground/command-line-validation/src/lib/handle-error.mjs">
        <metrics statements="5" coveredstatements="5" conditionals="0" coveredconditionals="0" methods="3" coveredmethods="2"/>
        <line num="1" count="2" type="stmt"/>
        <line num="2" count="1" type="stmt"/>
        <line num="3" count="1" type="stmt"/>
        <line num="6" count="2" type="stmt"/>
        <line num="8" count="2" type="stmt"/>
      </file>
    </package>
  </project>
</coverage>
