{"/Users/zane/playground/command-line-validation/src/command-line-validation.mjs": {"path":"/Users/zane/playground/command-line-validation/src/command-line-validation.mjs","statementMap":{"0":{"start":{"line":1,"column":0},"end":{"line":1,"column":null}},"1":{"start":{"line":2,"column":0},"end":{"line":2,"column":null}},"2":{"start":{"line":3,"column":0},"end":{"line":3,"column":null}},"3":{"start":{"line":5,"column":27},"end":{"line":8,"column":1}},"4":{"start":{"line":5,"column":103},"end":{"line":5,"column":45}},"5":{"start":{"line":5,"column":45},"end":{"line":5,"column":61}},"6":{"start":{"line":5,"column":59},"end":{"line":5,"column":68}},"7":{"start":{"line":5,"column":68},"end":{"line":5,"column":75}},"8":{"start":{"line":5,"column":73},"end":{"line":5,"column":79}},"9":{"start":{"line":5,"column":79},"end":{"line":5,"column":86}},"10":{"start":{"line":5,"column":96},"end":{"line":5,"column":95}},"11":{"start":{"line":6,"column":2},"end":{"line":6,"column":null}},"12":{"start":{"line":7,"column":2},"end":{"line":7,"column":null}}},"fnMap":{"0":{"name":"commandLineValidation","decl":{"start":{"line":5,"column":6},"end":{"line":5,"column":27}},"loc":{"start":{"line":5,"column":103},"end":{"line":8,"column":1}}}},"branchMap":{"0":{"loc":{"start":{"line":5,"column":45},"end":{"line":5,"column":61}},"type":"cond-expr","locations":[{"start":{"line":5,"column":48},"end":{"line":5,"column":59}},{"start":{"line":5,"column":59},"end":{"line":5,"column":61}}]},"1":{"loc":{"start":{"line":5,"column":68},"end":{"line":5,"column":75}},"type":"cond-expr","locations":[{"start":{"line":5,"column":71},"end":{"line":5,"column":73}},{"start":{"line":5,"column":73},"end":{"line":5,"column":75}}]},"2":{"loc":{"start":{"line":5,"column":79},"end":{"line":5,"column":86}},"type":"cond-expr","locations":[{"start":{"line":5,"column":82},"end":{"line":5,"column":84}},{"start":{"line":5,"column":84},"end":{"line":5,"column":86}}]}},"s":{"0":1,"1":1,"2":1,"3":1,"4":2,"5":2,"6":2,"7":2,"8":2,"9":2,"10":2,"11":2,"12":2},"f":{"0":2},"b":{"0":[0,2],"1":[0,2],"2":[0,2]}}
,"/Users/zane/playground/command-line-validation/src/lib/check-required.mjs": {"path":"/Users/zane/playground/command-line-validation/src/lib/check-required.mjs","statementMap":{"0":{"start":{"line":1,"column":19},"end":{"line":9,"column":1}},"1":{"start":{"line":1,"column":37},"end":{"line":1,"column":36}},"2":{"start":{"line":1,"column":46},"end":{"line":1,"column":45}},"3":{"start":{"line":1,"column":46},"end":{"line":1,"column":52}},"4":{"start":{"line":1,"column":52},"end":{"line":1,"column":64}},"5":{"start":{"line":2,"column":19},"end":{"line":2,"column":97}},"6":{"start":{"line":2,"column":42},"end":{"line":2,"column":41}},"7":{"start":{"line":2,"column":42},"end":{"line":2,"column":67}},"8":{"start":{"line":2,"column":79},"end":{"line":2,"column":78}},"9":{"start":{"line":2,"column":79},"end":{"line":2,"column":91}},"10":{"start":{"line":2,"column":97},"end":{"line":4,"column":30}},"11":{"start":{"line":4,"column":28},"end":{"line":8,"column":null}},"12":{"start":{"line":4,"column":2},"end":{"line":8,"column":3}},"13":{"start":{"line":4,"column":16},"end":{"line":4,"column":20}},"14":{"start":{"line":5,"column":4},"end":{"line":7,"column":null}},"15":{"start":{"line":6,"column":6},"end":{"line":6,"column":null}},"16":{"start":{"line":8,"column":3},"end":{"line":8,"column":null}}},"fnMap":{"0":{"name":"checkRequired","decl":{"start":{"line":1,"column":6},"end":{"line":1,"column":19}},"loc":{"start":{"line":1,"column":64},"end":{"line":9,"column":1}}},"1":{"name":"(anonymous_11)","decl":{"start":{"line":2,"column":31},"end":{"line":2,"column":34}},"loc":{"start":{"line":2,"column":31},"end":{"line":2,"column":67}}},"2":{"name":"(anonymous_12)","decl":{"start":{"line":2,"column":72},"end":{"line":2,"column":75}},"loc":{"start":{"line":2,"column":72},"end":{"line":2,"column":91}}}},"branchMap":{"0":{"loc":{"start":{"line":1,"column":52},"end":{"line":1,"column":64}},"type":"cond-expr","locations":[{"start":{"line":1,"column":55},"end":{"line":1,"column":57}},{"start":{"line":1,"column":57},"end":{"line":1,"column":64}}]},"1":{"loc":{"start":{"line":2,"column":19},"end":{"line":2,"column":97}},"type":"binary-expr","locations":[{"start":{"line":2,"column":19},"end":{"line":2,"column":91}},{"start":{"line":2,"column":95},"end":{"line":2,"column":97}}]},"2":{"loc":{"start":{"line":5,"column":4},"end":{"line":7,"column":null}},"type":"if","locations":[{"start":{"line":5,"column":4},"end":{"line":7,"column":null}}]}},"s":{"0":2,"1":4,"2":4,"3":4,"4":4,"5":4,"6":4,"7":4,"8":2,"9":2,"10":4,"11":4,"12":4,"13":2,"14":2,"15":2,"16":5},"f":{"0":4,"1":4,"2":2},"b":{"0":[0,4],"1":[4,0],"2":[2]}}
,"/Users/zane/playground/command-line-validation/src/lib/check-validations.mjs": {"path":"/Users/zane/playground/command-line-validation/src/lib/check-validations.mjs","statementMap":{"0":{"start":{"line":1,"column":0},"end":{"line":1,"column":67}},"1":{"start":{"line":1,"column":67},"end":{"line":1,"column":null}},"2":{"start":{"line":3,"column":22},"end":{"line":16,"column":1}},"3":{"start":{"line":3,"column":40},"end":{"line":3,"column":39}},"4":{"start":{"line":3,"column":49},"end":{"line":3,"column":48}},"5":{"start":{"line":3,"column":49},"end":{"line":3,"column":55}},"6":{"start":{"line":3,"column":55},"end":{"line":3,"column":62}},"7":{"start":{"line":3,"column":72},"end":{"line":3,"column":71}},"8":{"start":{"line":3,"column":72},"end":{"line":4,"column":44}},"9":{"start":{"line":4,"column":42},"end":{"line":15,"column":null}},"10":{"start":{"line":4,"column":2},"end":{"line":15,"column":3}},"11":{"start":{"line":4,"column":44},"end":{"line":4,"column":null}},"12":{"start":{"line":4,"column":19},"end":{"line":4,"column":18}},"13":{"start":{"line":4,"column":32},"end":{"line":4,"column":31}},"14":{"start":{"line":5,"column":18},"end":{"line":5,"column":31}},"15":{"start":{"line":7,"column":4},"end":{"line":14,"column":null}},"16":{"start":{"line":8,"column":6},"end":{"line":8,"column":null}},"17":{"start":{"line":10,"column":21},"end":{"line":10,"column":78}},"18":{"start":{"line":11,"column":6},"end":{"line":13,"column":null}},"19":{"start":{"line":12,"column":8},"end":{"line":12,"column":null}},"20":{"start":{"line":15,"column":3},"end":{"line":15,"column":null}}},"fnMap":{"0":{"name":"_createForOfIteratorHelper","decl":{"start":{"line":1,"column":67},"end":{"line":1,"column":null}},"loc":{"start":{"line":1,"column":67},"end":{"line":1,"column":null}}},"1":{"name":"checkValidations","decl":{"start":{"line":3,"column":6},"end":{"line":3,"column":22}},"loc":{"start":{"line":3,"column":79},"end":{"line":16,"column":1}}}},"branchMap":{"0":{"loc":{"start":{"line":1,"column":67},"end":{"line":1,"column":null}},"type":"binary-expr","locations":[{"start":{"line":1,"column":67},"end":{"line":1,"column":null}},{"start":{"line":1,"column":67},"end":{"line":1,"column":null}},{"start":{"line":1,"column":67},"end":{"line":1,"column":null}}]},"1":{"loc":{"start":{"line":1,"column":67},"end":{"line":1,"column":null}},"type":"if","locations":[{"start":{"line":1,"column":67},"end":{"line":1,"column":null}}]},"2":{"loc":{"start":{"line":1,"column":67},"end":{"line":1,"column":null}},"type":"binary-expr","locations":[{"start":{"line":1,"column":67},"end":{"line":1,"column":null}},{"start":{"line":1,"column":67},"end":{"line":1,"column":null}},{"start":{"line":1,"column":67},"end":{"line":1,"column":null}},{"start":{"line":1,"column":67},"end":{"line":1,"column":null}},{"start":{"line":1,"column":67},"end":{"line":1,"column":null}}]},"3":{"loc":{"start":{"line":1,"column":67},"end":{"line":1,"column":null}},"type":"binary-expr","locations":[{"start":{"line":1,"column":67},"end":{"line":1,"column":null}},{"start":{"line":1,"column":67},"end":{"line":1,"column":null}}]},"4":{"loc":{"start":{"line":3,"column":55},"end":{"line":3,"column":62}},"type":"cond-expr","locations":[{"start":{"line":3,"column":58},"end":{"line":3,"column":60}},{"start":{"line":3,"column":60},"end":{"line":3,"column":62}}]},"5":{"loc":{"start":{"line":7,"column":4},"end":{"line":14,"column":null}},"type":"if","locations":[{"start":{"line":7,"column":4},"end":{"line":14,"column":null}}]},"6":{"loc":{"start":{"line":7,"column":8},"end":{"line":7,"column":56}},"type":"binary-expr","locations":[{"start":{"line":7,"column":8},"end":{"line":7,"column":27}},{"start":{"line":7,"column":31},"end":{"line":7,"column":56}}]},"7":{"loc":{"start":{"line":11,"column":6},"end":{"line":13,"column":null}},"type":"if","locations":[{"start":{"line":11,"column":6},"end":{"line":13,"column":null}}]}},"s":{"0":2,"1":50,"2":2,"3":4,"4":4,"5":4,"6":4,"7":4,"8":4,"9":4,"10":4,"11":3,"12":3,"13":3,"14":3,"15":3,"16":2,"17":2,"18":2,"19":2,"20":5},"f":{"0":19,"1":4},"b":{"0":[8,5,0],"1":[1],"2":[0,0,0,0,0],"3":[0,0],"4":[0,4],"5":[2],"6":[3,2],"7":[2]}}
,"/Users/zane/playground/command-line-validation/src/lib/handle-error.mjs": {"path":"/Users/zane/playground/command-line-validation/src/lib/handle-error.mjs","statementMap":{"0":{"start":{"line":1,"column":19},"end":{"line":4,"column":1}},"1":{"start":{"line":2,"column":2},"end":{"line":2,"column":null}},"2":{"start":{"line":3,"column":2},"end":{"line":3,"column":18}},"3":{"start":{"line":6,"column":17},"end":{"line":6,"column":null}},"4":{"start":{"line":6,"column":24},"end":{"line":6,"column":null}},"5":{"start":{"line":8,"column":21},"end":{"line":8,"column":63}},"6":{"start":{"line":8,"column":39},"end":{"line":8,"column":62}}},"fnMap":{"0":{"name":"errorHandler","decl":{"start":{"line":1,"column":19},"end":{"line":1,"column":20}},"loc":{"start":{"line":1,"column":28},"end":{"line":4,"column":1}}},"1":{"name":"handleError","decl":{"start":{"line":6,"column":6},"end":{"line":6,"column":17}},"loc":{"start":{"line":6,"column":24},"end":{"line":6,"column":null}}},"2":{"name":"setErrorHandler","decl":{"start":{"line":8,"column":6},"end":{"line":8,"column":21}},"loc":{"start":{"line":8,"column":37},"end":{"line":8,"column":63}}}},"branchMap":{},"s":{"0":2,"1":1,"2":1,"3":2,"4":1,"5":2,"6":0},"f":{"0":1,"1":1,"2":0},"b":{}}
}
